c:\users\admin\onedrive\рабочий стол\keys\no see keys main\no see keys\debug\vc142.pdb
c:\users\admin\onedrive\рабочий стол\keys\no see keys main\no see keys\debug\vc142.idb
c:\users\admin\onedrive\рабочий стол\keys\no see keys main\no see keys\debug\writer.obj
c:\users\admin\onedrive\рабочий стол\keys\no see keys main\no see keys\debug\russian_keys.obj
c:\users\admin\onedrive\рабочий стол\keys\no see keys main\no see keys\debug\english_keys.obj
c:\users\admin\onedrive\рабочий стол\keys\no see keys main\no see keys\debug\no see keys.obj
c:\users\admin\onedrive\рабочий стол\no see keys main\no see keys\debug\vc142.pdb
c:\users\admin\onedrive\рабочий стол\no see keys main\no see keys\debug\vc142.idb
c:\users\admin\onedrive\рабочий стол\no see keys main\no see keys\debug\writer.obj
c:\users\admin\onedrive\рабочий стол\no see keys main\no see keys\debug\russian_keys.obj
c:\users\admin\onedrive\рабочий стол\no see keys main\no see keys\debug\english_keys.obj
c:\users\admin\onedrive\рабочий стол\no see keys main\no see keys\debug\no see keys.obj
c:\users\admin\onedrive\рабочий стол\no see keys main\debug\no see keys.pdb
c:\users\admin\onedrive\рабочий стол\no see keys main\debug\no see keys.exe
c:\users\admin\onedrive\рабочий стол\no see keys main\debug\no see keys.ilk
c:\users\admin\onedrive\рабочий стол\no see keys main\no see keys\debug\no see keys.tlog\cl.command.1.tlog
c:\users\admin\onedrive\рабочий стол\no see keys main\no see keys\debug\no see keys.tlog\cl.read.1.tlog
c:\users\admin\onedrive\рабочий стол\no see keys main\no see keys\debug\no see keys.tlog\cl.write.1.tlog
c:\users\admin\onedrive\рабочий стол\no see keys main\no see keys\debug\no see keys.tlog\rc.command.1.tlog
c:\users\admin\onedrive\рабочий стол\no see keys main\no see keys\debug\no see keys.tlog\rc.read.1.tlog
c:\users\admin\onedrive\рабочий стол\no see keys main\no see keys\debug\no see keys.tlog\rc.write.1.tlog
